<?xml version="1.0" encoding="UTF-8"?>
<!-- Generated by org.testng.reporters.JUnitXMLReporter -->
<testsuite ignored="0" hostname="MacBook-Air-Balyberdin.local" failures="1" tests="2" name="Command line test" time="0.215" errors="0" timestamp="2023-03-29T06:33:52 TRT">
  <testcase classname="org.redrover.TestUtils" name="testAbbr" time="0.066">
    <failure type="java.lang.AssertionError" message="expected [Hello] but found [He...]">
      <![CDATA[java.lang.AssertionError: expected [Hello] but found [He...]
at org.redrover.TestUtils.testAbbr(TestUtils.java:16)
at java.base/java.util.ArrayList.forEach(ArrayList.java:1511)
... Removed 43 stack frames]]>
    </failure>
  </testcase> <!-- testAbbr -->
  <testcase classname="org.redrover.TestUtils" name="testSum" time="0.006"/>
</testsuite> <!-- Command line test -->
