<?xml version="1.0" encoding="UTF-8"?>
<testng-results ignored="0" total="1" passed="1" failed="0" skipped="0">
  <reporter-output>
  </reporter-output>
  <suite started-at="2023-03-31T05:38:16 TRT" name="FirstTest" finished-at="2023-03-31T05:38:17 TRT" duration-ms="99">
    <groups>
    </groups>
    <test started-at="2023-03-31T05:38:16 TRT" name="Command line test" finished-at="2023-03-31T05:38:17 TRT" duration-ms="99">
      <class name="FirstTest">
        <test-method signature="TestFirst()[pri:0, instance:FirstTest@15b3e5b]" started-at="2023-03-31T05:38:16 TRT" name="TestFirst" finished-at="2023-03-31T05:38:16 TRT" duration-ms="7" status="PASS">
          <reporter-output>
          </reporter-output>
        </test-method> <!-- TestFirst -->
      </class> <!-- FirstTest -->
    </test> <!-- Command line test -->
  </suite> <!-- FirstTest -->
</testng-results>
